{"timestamp":"2026-02-06T01:33:45.416763Z","level":"info","event":"DAG bundles loaded: dags-folder","logger":"airflow.dag_processing.bundles.manager.DagBundlesManager","filename":"manager.py","lineno":179}
{"timestamp":"2026-02-06T01:33:45.417170Z","level":"info","event":"Filling up the DagBag from /opt/airflow/dags/dag12.py","logger":"airflow.models.dagbag.DagBag","filename":"dagbag.py","lineno":593}
{"timestamp":"2026-02-06T01:33:45.440929Z","level":"info","event":"Triggering Dag Run.","trigger_dag_id":"dagrundag_2","logger":"task","filename":"task_runner.py","lineno":1052}
{"timestamp":"2026-02-06T01:33:45.458419Z","level":"info","event":"Dag Run triggered successfully.","trigger_dag_id":"dagrundag_2","logger":"task","filename":"task_runner.py","lineno":1086}
{"timestamp":"2026-02-06T01:33:45.467283Z","level":"info","event":"Waiting for dag run to complete execution in allowed state.","dag_id":"dagrundag_2","run_id":"manual__2026-02-06T01:33:45.440769+00:00","allowed_state":["success"],"logger":"task","filename":"task_runner.py","lineno":1109}
{"timestamp":"2026-02-06T01:33:50.472789Z","level":"info","event":"Waiting for dag run to complete execution in allowed state.","dag_id":"dagrundag_2","run_id":"manual__2026-02-06T01:33:45.440769+00:00","allowed_state":["success"],"logger":"task","filename":"task_runner.py","lineno":1109}
{"timestamp":"2026-02-06T01:33:55.480715Z","level":"info","event":"Waiting for dag run to complete execution in allowed state.","dag_id":"dagrundag_2","run_id":"manual__2026-02-06T01:33:45.440769+00:00","allowed_state":["success"],"logger":"task","filename":"task_runner.py","lineno":1109}
{"timestamp":"2026-02-06T01:34:00.486059Z","level":"info","event":"Waiting for dag run to complete execution in allowed state.","dag_id":"dagrundag_2","run_id":"manual__2026-02-06T01:33:45.440769+00:00","allowed_state":["success"],"logger":"task","filename":"task_runner.py","lineno":1109}
{"timestamp":"2026-02-06T01:34:05.493945Z","level":"info","event":"Waiting for dag run to complete execution in allowed state.","dag_id":"dagrundag_2","run_id":"manual__2026-02-06T01:33:45.440769+00:00","allowed_state":["success"],"logger":"task","filename":"task_runner.py","lineno":1109}
{"timestamp":"2026-02-06T01:34:10.499022Z","level":"info","event":"Waiting for dag run to complete execution in allowed state.","dag_id":"dagrundag_2","run_id":"manual__2026-02-06T01:33:45.440769+00:00","allowed_state":["success"],"logger":"task","filename":"task_runner.py","lineno":1109}
{"timestamp":"2026-02-06T01:34:15.504540Z","level":"info","event":"Waiting for dag run to complete execution in allowed state.","dag_id":"dagrundag_2","run_id":"manual__2026-02-06T01:33:45.440769+00:00","allowed_state":["success"],"logger":"task","filename":"task_runner.py","lineno":1109}
{"timestamp":"2026-02-06T01:34:20.532060Z","level":"info","event":"Waiting for dag run to complete execution in allowed state.","dag_id":"dagrundag_2","run_id":"manual__2026-02-06T01:33:45.440769+00:00","allowed_state":["success"],"logger":"task","filename":"task_runner.py","lineno":1109}
{"timestamp":"2026-02-06T01:34:25.538637Z","level":"info","event":"Waiting for dag run to complete execution in allowed state.","dag_id":"dagrundag_2","run_id":"manual__2026-02-06T01:33:45.440769+00:00","allowed_state":["success"],"logger":"task","filename":"task_runner.py","lineno":1109}
{"timestamp":"2026-02-06T01:34:30.544390Z","level":"info","event":"Waiting for dag run to complete execution in allowed state.","dag_id":"dagrundag_2","run_id":"manual__2026-02-06T01:33:45.440769+00:00","allowed_state":["success"],"logger":"task","filename":"task_runner.py","lineno":1109}
{"timestamp":"2026-02-06T01:34:35.549722Z","level":"info","event":"Waiting for dag run to complete execution in allowed state.","dag_id":"dagrundag_2","run_id":"manual__2026-02-06T01:33:45.440769+00:00","allowed_state":["success"],"logger":"task","filename":"task_runner.py","lineno":1109}
{"timestamp":"2026-02-06T01:34:40.555907Z","level":"info","event":"Waiting for dag run to complete execution in allowed state.","dag_id":"dagrundag_2","run_id":"manual__2026-02-06T01:33:45.440769+00:00","allowed_state":["success"],"logger":"task","filename":"task_runner.py","lineno":1109}
{"timestamp":"2026-02-06T01:34:45.561170Z","level":"info","event":"Waiting for dag run to complete execution in allowed state.","dag_id":"dagrundag_2","run_id":"manual__2026-02-06T01:33:45.440769+00:00","allowed_state":["success"],"logger":"task","filename":"task_runner.py","lineno":1109}
{"timestamp":"2026-02-06T01:34:50.567088Z","level":"info","event":"Waiting for dag run to complete execution in allowed state.","dag_id":"dagrundag_2","run_id":"manual__2026-02-06T01:33:45.440769+00:00","allowed_state":["success"],"logger":"task","filename":"task_runner.py","lineno":1109}
{"timestamp":"2026-02-06T01:34:55.572481Z","level":"info","event":"Waiting for dag run to complete execution in allowed state.","dag_id":"dagrundag_2","run_id":"manual__2026-02-06T01:33:45.440769+00:00","allowed_state":["success"],"logger":"task","filename":"task_runner.py","lineno":1109}
{"timestamp":"2026-02-06T01:35:00.579947Z","level":"info","event":"Waiting for dag run to complete execution in allowed state.","dag_id":"dagrundag_2","run_id":"manual__2026-02-06T01:33:45.440769+00:00","allowed_state":["success"],"logger":"task","filename":"task_runner.py","lineno":1109}
{"timestamp":"2026-02-06T01:35:05.587615Z","level":"info","event":"Waiting for dag run to complete execution in allowed state.","dag_id":"dagrundag_2","run_id":"manual__2026-02-06T01:33:45.440769+00:00","allowed_state":["success"],"logger":"task","filename":"task_runner.py","lineno":1109}
{"timestamp":"2026-02-06T01:35:10.593285Z","level":"info","event":"Waiting for dag run to complete execution in allowed state.","dag_id":"dagrundag_2","run_id":"manual__2026-02-06T01:33:45.440769+00:00","allowed_state":["success"],"logger":"task","filename":"task_runner.py","lineno":1109}
{"timestamp":"2026-02-06T01:35:15.599928Z","level":"info","event":"Waiting for dag run to complete execution in allowed state.","dag_id":"dagrundag_2","run_id":"manual__2026-02-06T01:33:45.440769+00:00","allowed_state":["success"],"logger":"task","filename":"task_runner.py","lineno":1109}
{"timestamp":"2026-02-06T01:35:20.605980Z","level":"info","event":"Waiting for dag run to complete execution in allowed state.","dag_id":"dagrundag_2","run_id":"manual__2026-02-06T01:33:45.440769+00:00","allowed_state":["success"],"logger":"task","filename":"task_runner.py","lineno":1109}
{"timestamp":"2026-02-06T01:35:25.611531Z","level":"info","event":"Waiting for dag run to complete execution in allowed state.","dag_id":"dagrundag_2","run_id":"manual__2026-02-06T01:33:45.440769+00:00","allowed_state":["success"],"logger":"task","filename":"task_runner.py","lineno":1109}
{"timestamp":"2026-02-06T01:35:30.617092Z","level":"info","event":"Waiting for dag run to complete execution in allowed state.","dag_id":"dagrundag_2","run_id":"manual__2026-02-06T01:33:45.440769+00:00","allowed_state":["success"],"logger":"task","filename":"task_runner.py","lineno":1109}
{"timestamp":"2026-02-06T01:35:35.622540Z","level":"info","event":"Waiting for dag run to complete execution in allowed state.","dag_id":"dagrundag_2","run_id":"manual__2026-02-06T01:33:45.440769+00:00","allowed_state":["success"],"logger":"task","filename":"task_runner.py","lineno":1109}
{"timestamp":"2026-02-06T01:35:40.627814Z","level":"info","event":"Waiting for dag run to complete execution in allowed state.","dag_id":"dagrundag_2","run_id":"manual__2026-02-06T01:33:45.440769+00:00","allowed_state":["success"],"logger":"task","filename":"task_runner.py","lineno":1109}
{"timestamp":"2026-02-06T01:35:45.633304Z","level":"info","event":"Waiting for dag run to complete execution in allowed state.","dag_id":"dagrundag_2","run_id":"manual__2026-02-06T01:33:45.440769+00:00","allowed_state":["success"],"logger":"task","filename":"task_runner.py","lineno":1109}
{"timestamp":"2026-02-06T01:35:50.639201Z","level":"info","event":"Waiting for dag run to complete execution in allowed state.","dag_id":"dagrundag_2","run_id":"manual__2026-02-06T01:33:45.440769+00:00","allowed_state":["success"],"logger":"task","filename":"task_runner.py","lineno":1109}
{"timestamp":"2026-02-06T01:35:55.649874Z","level":"info","event":"Waiting for dag run to complete execution in allowed state.","dag_id":"dagrundag_2","run_id":"manual__2026-02-06T01:33:45.440769+00:00","allowed_state":["success"],"logger":"task","filename":"task_runner.py","lineno":1109}
{"timestamp":"2026-02-06T01:36:00.655451Z","level":"info","event":"Waiting for dag run to complete execution in allowed state.","dag_id":"dagrundag_2","run_id":"manual__2026-02-06T01:33:45.440769+00:00","allowed_state":["success"],"logger":"task","filename":"task_runner.py","lineno":1109}
{"timestamp":"2026-02-06T01:36:05.660659Z","level":"info","event":"Waiting for dag run to complete execution in allowed state.","dag_id":"dagrundag_2","run_id":"manual__2026-02-06T01:33:45.440769+00:00","allowed_state":["success"],"logger":"task","filename":"task_runner.py","lineno":1109}
{"timestamp":"2026-02-06T01:36:10.666139Z","level":"info","event":"Waiting for dag run to complete execution in allowed state.","dag_id":"dagrundag_2","run_id":"manual__2026-02-06T01:33:45.440769+00:00","allowed_state":["success"],"logger":"task","filename":"task_runner.py","lineno":1109}
{"timestamp":"2026-02-06T01:36:15.672209Z","level":"info","event":"DagRun finished with allowed state.","dag_id":"dagrundag_2","state":"success","logger":"task","filename":"task_runner.py","lineno":1134}
